<?xml version="1.0" encoding="UTF-8"?>
<!-- Generated by org.testng.reporters.JUnitReportReporter -->
<testsuite hostname="LAPTOP-2B0D9MGJ" failures="0" tests="1" name="test_Pack.ver2" time="33.601" errors="0" timestamp="2021-04-08T19:58:34 IST" skipped="0">
  <testcase classname="test_Pack.ver2" name="browserrr2" time="33.601"/>
</testsuite> <!-- test_Pack.ver2 -->
