<?xml version="1.0" encoding="UTF-8"?>
<!-- Generated by org.testng.reporters.JUnitReportReporter -->
<testsuite hostname="LAPTOP-2B0D9MGJ" failures="0" tests="1" name="test_Pack.Browser_Invocation" time="0.051" errors="0" timestamp="2021-04-08T17:08:41 IST" skipped="0">
  <testcase classname="test_Pack.Browser_Invocation" name="invocation" time="0.051"/>
</testsuite> <!-- test_Pack.Browser_Invocation -->
