<?xml version="1.0" encoding="UTF-8"?>
<!-- Generated by org.testng.reporters.JUnitReportReporter -->
<testsuite hostname="LAPTOP-2B0D9MGJ" failures="0" tests="2" name="test_Pack.Verify_Browser" time="0.036" errors="0" timestamp="2021-04-20T12:33:52 IST" skipped="0">
  <testcase classname="test_Pack.Verify_Browser" name="test" time="0.030"/>
  <testcase classname="test_Pack.Verify_Browser" name="test" time="0.006"/>
</testsuite> <!-- test_Pack.Verify_Browser -->
