<?xml version="1.0" encoding="UTF-8"?>
<!-- Generated by org.testng.reporters.JUnitReportReporter -->
<testsuite hostname="LAPTOP-2B0D9MGJ" failures="0" tests="1" name="test_Pack.strr" time="52.254" errors="0" timestamp="2021-04-30T15:27:49 IST" skipped="0">
  <testcase classname="test_Pack.strr" name="mtd5" time="52.254"/>
</testsuite> <!-- test_Pack.strr -->
