<?xml version="1.0" encoding="UTF-8"?>
<!-- Generated by org.testng.reporters.JUnitReportReporter -->
<testsuite hostname="LAPTOP-2B0D9MGJ" failures="0" tests="1" name="test_Pack.Excel" time="11.835" errors="0" timestamp="2021-04-19T12:08:17 IST" skipped="0">
  <testcase classname="test_Pack.Excel" name="excel" time="11.835"/>
</testsuite> <!-- test_Pack.Excel -->
