<?xml version="1.0" encoding="UTF-8"?>
<!-- Generated by org.testng.reporters.JUnitReportReporter -->
<testsuite hostname="LAPTOP-2B0D9MGJ" failures="0" tests="1" name="test_Pack.strr" time="0.013" errors="0" timestamp="2021-05-03T16:51:40 IST" skipped="0">
  <testcase classname="test_Pack.strr" name="test1" time="0.013"/>
</testsuite> <!-- test_Pack.strr -->
