<?xml version="1.0" encoding="UTF-8"?>
<!-- Generated by org.testng.reporters.JUnitReportReporter -->
<testsuite hostname="LAPTOP-2B0D9MGJ" failures="0" tests="1" name="test_Pack.strr2" time="0.022" errors="0" timestamp="2021-05-03T16:52:39 IST" skipped="0">
  <testcase classname="test_Pack.strr2" name="test2" time="0.022"/>
</testsuite> <!-- test_Pack.strr2 -->
